# JRE version: OpenJDK Runtime Environment Corretto-11.0.14.9.1 (11.0.14+9) (build 11.0.14+9-LTS)
# Java VM: OpenJDK 64-Bit Server VM Corretto-11.0.14.9.1 (11.0.14+9-LTS, mixed mode, tiered, compressed oops, g1 gc, windows-amd64)
Heap:
 garbage-first heap   total 187392K, used 47359K [0x0000000082800000, 0x0000000100000000)
  region size 1024K, 18 young (18432K), 10 survivors (10240K)
 Metaspace       used 52257K, capacity 53723K, committed 53888K, reserved 1095680K
  class space    used 6399K, capacity 7001K, committed 7040K, reserved 1048576K
GC Heap History (20 events):
Event: 1.798 GC heap before
{Heap before GC invocations=2 (full 0):
 garbage-first heap   total 129024K, used 30229K [0x0000000082800000, 0x0000000100000000)
  region size 1024K, 20 young (20480K), 1 survivors (1024K)
 Metaspace       used 11340K, capacity 11744K, committed 12032K, reserved 1060864K
  class space    used 1098K, capacity 1226K, committed 1280K, reserved 1048576K
}
Event: 1.801 GC heap after
{Heap after GC invocations=3 (full 0):
 garbage-first heap   total 129024K, used 11332K [0x0000000082800000, 0x0000000100000000)
  region size 1024K, 2 young (2048K), 2 survivors (2048K)
 Metaspace       used 11340K, capacity 11744K, committed 12032K, reserved 1060864K
  class space    used 1098K, capacity 1226K, committed 1280K, reserved 1048576K
}
Event: 2.737 GC heap before
{Heap before GC invocations=3 (full 0):
 garbage-first heap   total 129024K, used 42052K [0x0000000082800000, 0x0000000100000000)
  region size 1024K, 32 young (32768K), 2 survivors (2048K)
 Metaspace       used 15618K, capacity 16172K, committed 16512K, reserved 1064960K
  class space    used 1629K, capacity 1835K, committed 1920K, reserved 1048576K
}
Event: 2.745 GC heap after
{Heap after GC invocations=4 (full 0):
 garbage-first heap   total 129024K, used 12678K [0x0000000082800000, 0x0000000100000000)
  region size 1024K, 3 young (3072K), 3 survivors (3072K)
 Metaspace       used 15618K, capacity 16172K, committed 16512K, reserved 1064960K
  class space    used 1629K, capacity 1835K, committed 1920K, reserved 1048576K
}
Event: 3.872 GC heap before
{Heap before GC invocations=4 (full 0):
 garbage-first heap   total 129024K, used 52614K [0x0000000082800000, 0x0000000100000000)
  region size 1024K, 43 young (44032K), 3 survivors (3072K)
 Metaspace       used 20394K, capacity 21130K, committed 21248K, reserved 1069056K
  class space    used 2230K, capacity 2487K, committed 2560K, reserved 1048576K
}
Event: 3.881 GC heap after
{Heap after GC invocations=5 (full 0):
 garbage-first heap   total 129024K, used 14023K [0x0000000082800000, 0x0000000100000000)
  region size 1024K, 5 young (5120K), 5 survivors (5120K)
 Metaspace       used 20394K, capacity 21130K, committed 21248K, reserved 1069056K
  class space    used 2230K, capacity 2487K, committed 2560K, reserved 1048576K
}
Event: 5.146 GC heap before
{Heap before GC invocations=6 (full 0):
 garbage-first heap   total 129024K, used 66247K [0x0000000082800000, 0x0000000100000000)
  region size 1024K, 57 young (58368K), 5 survivors (5120K)
 Metaspace       used 26441K, capacity 27362K, committed 27520K, reserved 1073152K
  class space    used 2995K, capacity 3329K, committed 3456K, reserved 1048576K
}
Event: 5.154 GC heap after
{Heap after GC invocations=7 (full 0):
 garbage-first heap   total 129024K, used 15721K [0x0000000082800000, 0x0000000100000000)
  region size 1024K, 6 young (6144K), 6 survivors (6144K)
 Metaspace       used 26441K, capacity 27362K, committed 27520K, reserved 1073152K
  class space    used 2995K, capacity 3329K, committed 3456K, reserved 1048576K
}
Event: 6.114 GC heap before
{Heap before GC invocations=7 (full 0):
 garbage-first heap   total 129024K, used 86377K [0x0000000082800000, 0x0000000100000000)
  region size 1024K, 75 young (76800K), 6 survivors (6144K)
 Metaspace       used 32582K, capacity 33732K, committed 33920K, reserved 1079296K
  class space    used 3788K, capacity 4218K, committed 4224K, reserved 1048576K
}
Event: 6.132 GC heap after
{Heap after GC invocations=8 (full 0):
 garbage-first heap   total 155648K, used 20248K [0x0000000082800000, 0x0000000100000000)
  region size 1024K, 10 young (10240K), 10 survivors (10240K)
 Metaspace       used 32582K, capacity 33732K, committed 33920K, reserved 1079296K
  class space    used 3788K, capacity 4218K, committed 4224K, reserved 1048576K
}
Event: 6.552 GC heap before
{Heap before GC invocations=8 (full 0):
 garbage-first heap   total 155648K, used 47896K [0x0000000082800000, 0x0000000100000000)
  region size 1024K, 38 young (38912K), 10 survivors (10240K)
 Metaspace       used 34674K, capacity 35807K, committed 35840K, reserved 1081344K
  class space    used 4004K, capacity 4461K, committed 4480K, reserved 1048576K
}
Event: 6.569 GC heap after
{Heap after GC invocations=9 (full 0):
 garbage-first heap   total 155648K, used 20902K [0x0000000082800000, 0x0000000100000000)
  region size 1024K, 6 young (6144K), 6 survivors (6144K)
 Metaspace       used 34674K, capacity 35807K, committed 35840K, reserved 1081344K
  class space    used 4004K, capacity 4461K, committed 4480K, reserved 1048576K
}
Event: 8.147 GC heap before
{Heap before GC invocations=10 (full 0):
 garbage-first heap   total 155648K, used 106918K [0x0000000082800000, 0x0000000100000000)
  region size 1024K, 91 young (93184K), 6 survivors (6144K)
 Metaspace       used 43753K, capacity 45005K, committed 45056K, reserved 1089536K
  class space    used 5085K, capacity 5584K, committed 5632K, reserved 1048576K
}
Event: 8.159 GC heap after
{Heap after GC invocations=11 (full 0):
 garbage-first heap   total 155648K, used 23595K [0x0000000082800000, 0x0000000100000000)
  region size 1024K, 9 young (9216K), 9 survivors (9216K)
 Metaspace       used 43753K, capacity 45005K, committed 45056K, reserved 1089536K
  class space    used 5085K, capacity 5584K, committed 5632K, reserved 1048576K
}
Event: 9.331 GC heap before
{Heap before GC invocations=11 (full 0):
 garbage-first heap   total 155648K, used 107563K [0x0000000082800000, 0x0000000100000000)
  region size 1024K, 91 young (93184K), 9 survivors (9216K)
 Metaspace       used 48270K, capacity 49603K, committed 49792K, reserved 1093632K
  class space    used 5910K, capacity 6424K, committed 6528K, reserved 1048576K
}
Event: 9.342 GC heap after
{Heap after GC invocations=12 (full 0):
 garbage-first heap   total 155648K, used 23450K [0x0000000082800000, 0x0000000100000000)
  region size 1024K, 5 young (5120K), 5 survivors (5120K)
 Metaspace       used 48270K, capacity 49603K, committed 49792K, reserved 1093632K
  class space    used 5910K, capacity 6424K, committed 6528K, reserved 1048576K
}
Event: 10.311 GC heap before
{Heap before GC invocations=12 (full 0):
 garbage-first heap   total 155648K, used 110490K [0x0000000082800000, 0x0000000100000000)
  region size 1024K, 91 young (93184K), 5 survivors (5120K)
 Metaspace       used 50114K, capacity 51438K, committed 51584K, reserved 1093632K
  class space    used 6147K, capacity 6667K, committed 6784K, reserved 1048576K
}
Event: 10.329 GC heap after
{Heap after GC invocations=13 (full 0):
 garbage-first heap   total 155648K, used 32264K [0x0000000082800000, 0x0000000100000000)
  region size 1024K, 12 young (12288K), 12 survivors (12288K)
 Metaspace       used 50114K, capacity 51438K, committed 51584K, reserved 1093632K
  class space    used 6147K, capacity 6667K, committed 6784K, reserved 1048576K
}
Event: 11.197 GC heap before
{Heap before GC invocations=13 (full 0):
 garbage-first heap   total 155648K, used 112136K [0x0000000082800000, 0x0000000100000000)
  region size 1024K, 91 young (93184K), 12 survivors (12288K)
 Metaspace       used 52101K, capacity 53622K, committed 53888K, reserved 1095680K
  class space    used 6383K, capacity 6967K, committed 7040K, reserved 1048576K
}
Event: 11.225 GC heap after
{Heap after GC invocations=14 (full 0):
 garbage-first heap   total 187392K, used 40191K [0x0000000082800000, 0x0000000100000000)
  region size 1024K, 10 young (10240K), 10 survivors (10240K)
 Metaspace       used 52101K, capacity 53622K, committed 53888K, reserved 1095680K
  class space    used 6383K, capacity 6967K, committed 7040K, reserved 1048576K
}

