# JRE version: OpenJDK Runtime Environment Corretto-11.0.14.9.1 (11.0.14+9) (build 11.0.14+9-LTS)
# Java VM: OpenJDK 64-Bit Server VM Corretto-11.0.14.9.1 (11.0.14+9-LTS, mixed mode, tiered, compressed oops, g1 gc, windows-amd64)
Heap:
 garbage-first heap   total 155648K, used 15137K [0x0000000082800000, 0x0000000100000000)
  region size 1024K, 7 young (7168K), 7 survivors (7168K)
 Metaspace       used 24526K, capacity 25288K, committed 25344K, reserved 1071104K
  class space    used 2508K, capacity 2797K, committed 2816K, reserved 1048576K
GC Heap History (13 events):
Event: 0.392 GC heap before
{Heap before GC invocations=0 (full 0):
 garbage-first heap   total 129024K, used 13312K [0x0000000082800000, 0x0000000100000000)
  region size 1024K, 14 young (14336K), 0 survivors (0K)
 Metaspace       used 7540K, capacity 7656K, committed 7936K, reserved 1056768K
  class space    used 668K, capacity 720K, committed 768K, reserved 1048576K
}
Event: 0.398 GC heap after
{Heap after GC invocations=1 (full 0):
 garbage-first heap   total 129024K, used 7635K [0x0000000082800000, 0x0000000100000000)
  region size 1024K, 2 young (2048K), 2 survivors (2048K)
 Metaspace       used 7540K, capacity 7656K, committed 7936K, reserved 1056768K
  class space    used 668K, capacity 720K, committed 768K, reserved 1048576K
}
Event: 0.651 GC heap before
{Heap before GC invocations=1 (full 0):
 garbage-first heap   total 129024K, used 18899K [0x0000000082800000, 0x0000000100000000)
  region size 1024K, 13 young (13312K), 2 survivors (2048K)
 Metaspace       used 9352K, capacity 9548K, committed 9728K, reserved 1058816K
  class space    used 831K, capacity 904K, committed 1024K, reserved 1048576K
}
Event: 0.654 GC heap after
{Heap after GC invocations=2 (full 0):
 garbage-first heap   total 129024K, used 7775K [0x0000000082800000, 0x0000000100000000)
  region size 1024K, 1 young (1024K), 1 survivors (1024K)
 Metaspace       used 9352K, capacity 9548K, committed 9728K, reserved 1058816K
  class space    used 831K, capacity 904K, committed 1024K, reserved 1048576K
}
Event: 1.859 GC heap before
{Heap before GC invocations=2 (full 0):
 garbage-first heap   total 129024K, used 32351K [0x0000000082800000, 0x0000000100000000)
  region size 1024K, 25 young (25600K), 1 survivors (1024K)
 Metaspace       used 12614K, capacity 12913K, committed 13056K, reserved 1060864K
  class space    used 1127K, capacity 1221K, committed 1280K, reserved 1048576K
}
Event: 1.862 GC heap after
{Heap after GC invocations=3 (full 0):
 garbage-first heap   total 129024K, used 11484K [0x0000000082800000, 0x0000000100000000)
  region size 1024K, 3 young (3072K), 3 survivors (3072K)
 Metaspace       used 12614K, capacity 12913K, committed 13056K, reserved 1060864K
  class space    used 1127K, capacity 1221K, committed 1280K, reserved 1048576K
}
Event: 3.416 GC heap before
{Heap before GC invocations=3 (full 0):
 garbage-first heap   total 129024K, used 62684K [0x0000000082800000, 0x0000000100000000)
  region size 1024K, 53 young (54272K), 3 survivors (3072K)
 Metaspace       used 15814K, capacity 16269K, committed 16512K, reserved 1064960K
  class space    used 1489K, capacity 1635K, committed 1664K, reserved 1048576K
}
Event: 3.421 GC heap after
{Heap after GC invocations=4 (full 0):
 garbage-first heap   total 129024K, used 12690K [0x0000000082800000, 0x0000000100000000)
  region size 1024K, 5 young (5120K), 5 survivors (5120K)
 Metaspace       used 15814K, capacity 16269K, committed 16512K, reserved 1064960K
  class space    used 1489K, capacity 1635K, committed 1664K, reserved 1048576K
}
Event: 4.808 GC heap before
{Heap before GC invocations=4 (full 0):
 garbage-first heap   total 129024K, used 74130K [0x0000000082800000, 0x0000000100000000)
  region size 1024K, 65 young (66560K), 5 survivors (5120K)
 Metaspace       used 19182K, capacity 19806K, committed 20096K, reserved 1067008K
  class space    used 1866K, capacity 2115K, committed 2176K, reserved 1048576K
}
Event: 4.819 GC heap after
{Heap after GC invocations=5 (full 0):
 garbage-first heap   total 129024K, used 13412K [0x0000000082800000, 0x0000000100000000)
  region size 1024K, 5 young (5120K), 5 survivors (5120K)
 Metaspace       used 19182K, capacity 19806K, committed 20096K, reserved 1067008K
  class space    used 1866K, capacity 2115K, committed 2176K, reserved 1048576K
}
Event: 5.511 GC heap before
{Heap before GC invocations=5 (full 0):
 garbage-first heap   total 129024K, used 46180K [0x0000000082800000, 0x0000000100000000)
  region size 1024K, 38 young (38912K), 5 survivors (5120K)
 Metaspace       used 20553K, capacity 21131K, committed 21248K, reserved 1069056K
  class space    used 2016K, capacity 2235K, committed 2304K, reserved 1048576K
}
Event: 5.519 GC heap after
{Heap after GC invocations=6 (full 0):
 garbage-first heap   total 129024K, used 13855K [0x0000000082800000, 0x0000000100000000)
  region size 1024K, 6 young (6144K), 6 survivors (6144K)
 Metaspace       used 20553K, capacity 21131K, committed 21248K, reserved 1069056K
  class space    used 2016K, capacity 2235K, committed 2304K, reserved 1048576K
}
Event: 6.620 GC heap before
{Heap before GC invocations=7 (full 0):
 garbage-first heap   total 129024K, used 81439K [0x0000000082800000, 0x0000000100000000)
  region size 1024K, 72 young (73728K), 6 survivors (6144K)
 Metaspace       used 24526K, capacity 25288K, committed 25344K, reserved 1071104K
  class space    used 2508K, capacity 2797K, committed 2816K, reserved 1048576K
}

