# JRE version: OpenJDK Runtime Environment Corretto-11.0.14.9.1 (11.0.14+9) (build 11.0.14+9-LTS)
# Java VM: OpenJDK 64-Bit Server VM Corretto-11.0.14.9.1 (11.0.14+9-LTS, mixed mode, tiered, compressed oops, g1 gc, windows-amd64)
Heap:
 garbage-first heap   total 187392K, used 90045K [0x0000000082800000, 0x0000000100000000)
  region size 1024K, 71 young (72704K), 6 survivors (6144K)
 Metaspace       used 55500K, capacity 56785K, committed 56960K, reserved 1099776K
  class space    used 6141K, capacity 6661K, committed 6784K, reserved 1048576K
GC Heap History (20 events):
Event: 4.542 GC heap before
{Heap before GC invocations=7 (full 0):
 garbage-first heap   total 129024K, used 81369K [0x0000000082800000, 0x0000000100000000)
  region size 1024K, 71 young (72704K), 5 survivors (5120K)
 Metaspace       used 24386K, capacity 25123K, committed 25344K, reserved 1071104K
  class space    used 2487K, capacity 2784K, committed 2816K, reserved 1048576K
}
Event: 4.549 GC heap after
{Heap after GC invocations=8 (full 0):
 garbage-first heap   total 129024K, used 14989K [0x0000000082800000, 0x0000000100000000)
  region size 1024K, 6 young (6144K), 6 survivors (6144K)
 Metaspace       used 24386K, capacity 25123K, committed 25344K, reserved 1071104K
  class space    used 2487K, capacity 2784K, committed 2816K, reserved 1048576K
}
Event: 4.993 GC heap before
{Heap before GC invocations=8 (full 0):
 garbage-first heap   total 129024K, used 84621K [0x0000000082800000, 0x0000000100000000)
  region size 1024K, 75 young (76800K), 6 survivors (6144K)
 Metaspace       used 27519K, capacity 28392K, committed 28544K, reserved 1075200K
  class space    used 2853K, capacity 3194K, committed 3200K, reserved 1048576K
}
Event: 5.000 GC heap after
{Heap after GC invocations=9 (full 0):
 garbage-first heap   total 129024K, used 15763K [0x0000000082800000, 0x0000000100000000)
  region size 1024K, 5 young (5120K), 5 survivors (5120K)
 Metaspace       used 27519K, capacity 28392K, committed 28544K, reserved 1075200K
  class space    used 2853K, capacity 3194K, committed 3200K, reserved 1048576K
}
Event: 5.437 GC heap before
{Heap before GC invocations=9 (full 0):
 garbage-first heap   total 129024K, used 87443K [0x0000000082800000, 0x0000000100000000)
  region size 1024K, 75 young (76800K), 5 survivors (5120K)
 Metaspace       used 29993K, capacity 30899K, committed 30976K, reserved 1077248K
  class space    used 3139K, capacity 3519K, committed 3584K, reserved 1048576K
}
Event: 5.445 GC heap after
{Heap after GC invocations=10 (full 0):
 garbage-first heap   total 155648K, used 18380K [0x0000000082800000, 0x0000000100000000)
  region size 1024K, 7 young (7168K), 7 survivors (7168K)
 Metaspace       used 29993K, capacity 30899K, committed 30976K, reserved 1077248K
  class space    used 3139K, capacity 3519K, committed 3584K, reserved 1048576K
}
Event: 6.039 GC heap before
{Heap before GC invocations=10 (full 0):
 garbage-first heap   total 155648K, used 104396K [0x0000000082800000, 0x0000000100000000)
  region size 1024K, 91 young (93184K), 7 survivors (7168K)
 Metaspace       used 33339K, capacity 34302K, committed 34432K, reserved 1079296K
  class space    used 3528K, capacity 3907K, committed 3968K, reserved 1048576K
}
Event: 6.045 GC heap after
{Heap after GC invocations=11 (full 0):
 garbage-first heap   total 155648K, used 18178K [0x0000000082800000, 0x0000000100000000)
  region size 1024K, 6 young (6144K), 6 survivors (6144K)
 Metaspace       used 33339K, capacity 34302K, committed 34432K, reserved 1079296K
  class space    used 3528K, capacity 3907K, committed 3968K, reserved 1048576K
}
Event: 6.197 GC heap before
{Heap before GC invocations=11 (full 0):
 garbage-first heap   total 155648K, used 36610K [0x0000000082800000, 0x0000000100000000)
  region size 1024K, 25 young (25600K), 6 survivors (6144K)
 Metaspace       used 34681K, capacity 35649K, committed 35840K, reserved 1081344K
  class space    used 3689K, capacity 4085K, committed 4096K, reserved 1048576K
}
Event: 6.206 GC heap after
{Heap after GC invocations=12 (full 0):
 garbage-first heap   total 155648K, used 21481K [0x0000000082800000, 0x0000000100000000)
  region size 1024K, 9 young (9216K), 9 survivors (9216K)
 Metaspace       used 34681K, capacity 35649K, committed 35840K, reserved 1081344K
  class space    used 3689K, capacity 4085K, committed 4096K, reserved 1048576K
}
Event: 6.837 GC heap before
{Heap before GC invocations=13 (full 0):
 garbage-first heap   total 155648K, used 105449K [0x0000000082800000, 0x0000000100000000)
  region size 1024K, 91 young (93184K), 9 survivors (9216K)
 Metaspace       used 38296K, capacity 39365K, committed 39552K, reserved 1085440K
  class space    used 4032K, capacity 4469K, committed 4480K, reserved 1048576K
}
Event: 6.848 GC heap after
{Heap after GC invocations=14 (full 0):
 garbage-first heap   total 155648K, used 22846K [0x0000000082800000, 0x0000000100000000)
  region size 1024K, 8 young (8192K), 8 survivors (8192K)
 Metaspace       used 38296K, capacity 39365K, committed 39552K, reserved 1085440K
  class space    used 4032K, capacity 4469K, committed 4480K, reserved 1048576K
}
Event: 7.477 GC heap before
{Heap before GC invocations=14 (full 0):
 garbage-first heap   total 155648K, used 106814K [0x0000000082800000, 0x0000000100000000)
  region size 1024K, 91 young (93184K), 8 survivors (8192K)
 Metaspace       used 41866K, capacity 42982K, committed 43136K, reserved 1087488K
  class space    used 4404K, capacity 4866K, committed 4992K, reserved 1048576K
}
Event: 7.486 GC heap after
{Heap after GC invocations=15 (full 0):
 garbage-first heap   total 155648K, used 23896K [0x0000000082800000, 0x0000000100000000)
  region size 1024K, 7 young (7168K), 7 survivors (7168K)
 Metaspace       used 41866K, capacity 42982K, committed 43136K, reserved 1087488K
  class space    used 4404K, capacity 4866K, committed 4992K, reserved 1048576K
}
Event: 7.769 GC heap before
{Heap before GC invocations=15 (full 0):
 garbage-first heap   total 155648K, used 109912K [0x0000000082800000, 0x0000000100000000)
  region size 1024K, 91 young (93184K), 7 survivors (7168K)
 Metaspace       used 44919K, capacity 46120K, committed 46464K, reserved 1091584K
  class space    used 4676K, capacity 5142K, committed 5248K, reserved 1048576K
}
Event: 7.776 GC heap after
{Heap after GC invocations=16 (full 0):
 garbage-first heap   total 187392K, used 23418K [0x0000000082800000, 0x0000000100000000)
  region size 1024K, 5 young (5120K), 5 survivors (5120K)
 Metaspace       used 44919K, capacity 46120K, committed 46464K, reserved 1091584K
  class space    used 4676K, capacity 5142K, committed 5248K, reserved 1048576K
}
Event: 8.473 GC heap before
{Heap before GC invocations=16 (full 0):
 garbage-first heap   total 187392K, used 129914K [0x0000000082800000, 0x0000000100000000)
  region size 1024K, 109 young (111616K), 5 survivors (5120K)
 Metaspace       used 49008K, capacity 50186K, committed 50304K, reserved 1093632K
  class space    used 5176K, capacity 5665K, committed 5760K, reserved 1048576K
}
Event: 8.485 GC heap after
{Heap after GC invocations=17 (full 0):
 garbage-first heap   total 187392K, used 23964K [0x0000000082800000, 0x0000000100000000)
  region size 1024K, 6 young (6144K), 6 survivors (6144K)
 Metaspace       used 49008K, capacity 50186K, committed 50304K, reserved 1093632K
  class space    used 5176K, capacity 5665K, committed 5760K, reserved 1048576K
}
Event: 9.874 GC heap before
{Heap before GC invocations=17 (full 0):
 garbage-first heap   total 187392K, used 129436K [0x0000000082800000, 0x0000000100000000)
  region size 1024K, 109 young (111616K), 6 survivors (6144K)
 Metaspace       used 53222K, capacity 54501K, committed 54528K, reserved 1097728K
  class space    used 5871K, capacity 6375K, committed 6400K, reserved 1048576K
}
Event: 9.880 GC heap after
{Heap after GC invocations=18 (full 0):
 garbage-first heap   total 187392K, used 24509K [0x0000000082800000, 0x0000000100000000)
  region size 1024K, 6 young (6144K), 6 survivors (6144K)
 Metaspace       used 53222K, capacity 54501K, committed 54528K, reserved 1097728K
  class space    used 5871K, capacity 6375K, committed 6400K, reserved 1048576K
}

